<?xml version="1.0" encoding="UTF-8"?>
<testsuite name="com.codefactory.fleetguard360.Feature1ApplicationTests" tests="1" skipped="0" failures="0" errors="0" timestamp="2025-06-15T15:55:45.045Z" hostname="DESKTOP-Q1RUT5C" time="0.449">
  <properties/>
  <testcase name="contextLoads()" classname="com.codefactory.fleetguard360.Feature1ApplicationTests" time="0.449"/>
  <system-out><![CDATA[10:55:39.335 [Test worker] INFO org.springframework.test.context.support.AnnotationConfigContextLoaderUtils -- Could not detect default configuration classes for test class [com.codefactory.fleetguard360.Feature1ApplicationTests]: Feature1ApplicationTests does not declare any static, non-private, non-final, nested classes annotated with @Configuration.
10:55:39.484 [Test worker] INFO org.springframework.boot.test.context.SpringBootTestContextBootstrapper -- Found @SpringBootConfiguration com.codefactory.fleetguard360.Feature1Application for test class com.codefactory.fleetguard360.Feature1ApplicationTests

  .   ____          _            __ _ _
 /\\ / ___'_ __ _ _(_)_ __  __ _ \ \ \ \
( ( )\___ | '_ | '_| | '_ \/ _` | \ \ \ \
 \\/  ___)| |_)| | | | | || (_| |  ) ) ) )
  '  |____| .__|_| |_|_| |_\__, | / / / /
 =========|_|==============|___/=/_/_/_/

 :: Spring Boot ::                (v3.4.5)

2025-06-15T10:55:39.926-05:00  INFO 14728 --- [Feature 1] [    Test worker] c.c.f.Feature1ApplicationTests           : Starting Feature1ApplicationTests using Java 17.0.11 with PID 14728 (started by Manuel in C:\Users\Manuel\OneDrive\Desktop\fleetguard360)
2025-06-15T10:55:39.928-05:00  INFO 14728 --- [Feature 1] [    Test worker] c.c.f.Feature1ApplicationTests           : No active profile set, falling back to 1 default profile: "default"
2025-06-15T10:55:40.757-05:00  INFO 14728 --- [Feature 1] [    Test worker] .s.d.r.c.RepositoryConfigurationDelegate : Bootstrapping Spring Data JPA repositories in DEFAULT mode.
2025-06-15T10:55:40.925-05:00  INFO 14728 --- [Feature 1] [    Test worker] .s.d.r.c.RepositoryConfigurationDelegate : Finished Spring Data repository scanning in 153 ms. Found 7 JPA repository interfaces.
2025-06-15T10:55:41.447-05:00  INFO 14728 --- [Feature 1] [    Test worker] o.hibernate.jpa.internal.util.LogHelper  : HHH000204: Processing PersistenceUnitInfo [name: default]
2025-06-15T10:55:41.516-05:00  INFO 14728 --- [Feature 1] [    Test worker] org.hibernate.Version                    : HHH000412: Hibernate ORM core version 6.6.13.Final
2025-06-15T10:55:41.556-05:00  INFO 14728 --- [Feature 1] [    Test worker] o.h.c.internal.RegionFactoryInitiator    : HHH000026: Second-level cache disabled
2025-06-15T10:55:41.907-05:00  INFO 14728 --- [Feature 1] [    Test worker] o.s.o.j.p.SpringPersistenceUnitInfo      : No LoadTimeWeaver setup: ignoring JPA class transformer
2025-06-15T10:55:41.946-05:00  INFO 14728 --- [Feature 1] [    Test worker] com.zaxxer.hikari.HikariDataSource       : HikariPool-1 - Starting...
2025-06-15T10:55:42.110-05:00  INFO 14728 --- [Feature 1] [    Test worker] com.zaxxer.hikari.pool.HikariPool        : HikariPool-1 - Added connection conn0: url=jdbc:h2:mem:testdb user=ADMIN
2025-06-15T10:55:42.112-05:00  INFO 14728 --- [Feature 1] [    Test worker] com.zaxxer.hikari.HikariDataSource       : HikariPool-1 - Start completed.
2025-06-15T10:55:42.169-05:00  INFO 14728 --- [Feature 1] [    Test worker] org.hibernate.orm.connections.pooling    : HHH10001005: Database info:
	Database JDBC URL [Connecting through datasource 'HikariDataSource (HikariPool-1)']
	Database driver: undefined/unknown
	Database version: 2.3.232
	Autocommit mode: undefined/unknown
	Isolation level: undefined/unknown
	Minimum pool size: undefined/unknown
	Maximum pool size: undefined/unknown
2025-06-15T10:55:42.968-05:00  INFO 14728 --- [Feature 1] [    Test worker] o.h.e.t.j.p.i.JtaPlatformInitiator       : HHH000489: No JTA platform available (set 'hibernate.transaction.jta.platform' to enable JTA platform integration)
Hibernate: drop table if exists alerta cascade 
Hibernate: drop table if exists conductor cascade 
Hibernate: drop table if exists licencia cascade 
Hibernate: drop table if exists notificacion cascade 
Hibernate: drop table if exists ruta cascade 
Hibernate: drop table if exists turno cascade 
Hibernate: drop table if exists usuario cascade 
Hibernate: create table alerta (conductor_id integer not null, id integer generated by default as identity, fecha timestamp(6), descripcion varchar(255), tipo varchar(255), primary key (id))
Hibernate: create table conductor (id integer generated by default as identity, usuario_id integer not null, documento_identidad varchar(255), nombre varchar(255), telefono varchar(255), primary key (id))
Hibernate: create table licencia (conductor_id integer not null, id integer generated by default as identity, fecha_expiracion timestamp(6), numero varchar(255), primary key (id))
Hibernate: create table notificacion (id integer generated by default as identity, leida boolean not null, fecha timestamp(6), mensaje varchar(255), tipo varchar(255), primary key (id))
Hibernate: create table ruta (id integer generated by default as identity, destino varchar(255), nombre varchar(255), origen varchar(255), primary key (id))
Hibernate: create table turno (conductor_id integer not null, id integer generated by default as identity, ruta_id integer not null, fin timestamp(6), inicio timestamp(6), estado varchar(255), primary key (id))
Hibernate: create table usuario (id integer generated by default as identity, intentos_fallidos integer not null, bloqueo_hasta varchar(255), email varchar(255), password_hash varchar(255), rol varchar(255), primary key (id))
Hibernate: alter table if exists alerta add constraint FKtpt7oniipta0k3mi9a4dst1hr foreign key (conductor_id) references conductor
Hibernate: alter table if exists conductor add constraint FKns1feujxc19w062imhj5fy1wf foreign key (usuario_id) references usuario
Hibernate: alter table if exists licencia add constraint FK8n25yrega6c3w71rbpdox0x5f foreign key (conductor_id) references conductor
Hibernate: alter table if exists turno add constraint FKer3mvnitlkm8vccf78wmk7w92 foreign key (conductor_id) references conductor
Hibernate: alter table if exists turno add constraint FKjsb8gk4gv389cesei6d432uqr foreign key (ruta_id) references ruta
2025-06-15T10:55:43.020-05:00  INFO 14728 --- [Feature 1] [    Test worker] j.LocalContainerEntityManagerFactoryBean : Initialized JPA EntityManagerFactory for persistence unit 'default'
SecurityConfig cargada
2025-06-15T10:55:43.449-05:00  WARN 14728 --- [Feature 1] [    Test worker] JpaBaseConfiguration$JpaWebConfiguration : spring.jpa.open-in-view is enabled by default. Therefore, database queries may be performed during view rendering. Explicitly configure spring.jpa.open-in-view to disable this warning
2025-06-15T10:55:44.082-05:00  INFO 14728 --- [Feature 1] [    Test worker] efaultSchemaResourceGraphQlSourceBuilder : Loaded 1 resource(s) in the GraphQL schema.
2025-06-15T10:55:44.288-05:00  INFO 14728 --- [Feature 1] [    Test worker] o.s.b.a.g.GraphQlAutoConfiguration       : GraphQL schema inspection:
	Unmapped fields: {Query=[_empty]}
	Unmapped registrations: {}
	Unmapped arguments: {}
	Skipped types: []
2025-06-15T10:55:44.316-05:00  INFO 14728 --- [Feature 1] [    Test worker] s.b.a.g.s.GraphQlWebMvcAutoConfiguration : GraphQL endpoint HTTP POST /graphql
Construyendo filterChain
2025-06-15T10:55:44.354-05:00  WARN 14728 --- [Feature 1] [    Test worker] thorizationManagerRequestMatcherRegistry : One of the patterns in [api/auth/**, api/conductores/**, /h2-console/**, /graphql, /swagger-ui.html, /swagger-ui/**, /v3/api-docs/**, /actuator/health] is missing a leading slash. This is discouraged; please include the leading slash in all your request matcher patterns. In future versions of Spring Security, leaving out the leading slash will result in an exception.
2025-06-15T10:55:44.513-05:00  INFO 14728 --- [Feature 1] [    Test worker] o.s.v.b.OptionalValidatorFactoryBean     : Failed to set up a Bean Validation provider: jakarta.validation.NoProviderFoundException: Unable to create a Configuration, because no Jakarta Bean Validation provider could be found. Add a provider like Hibernate Validator (RI) to your classpath.
2025-06-15T10:55:44.660-05:00  INFO 14728 --- [Feature 1] [    Test worker] o.s.b.a.h2.H2ConsoleAutoConfiguration    : H2 console available at '/h2-console'. Database available at 'jdbc:h2:mem:testdb'
2025-06-15T10:55:45.027-05:00  INFO 14728 --- [Feature 1] [    Test worker] c.c.f.Feature1ApplicationTests           : Started Feature1ApplicationTests in 5.359 seconds (process running for 6.576)
]]></system-out>
  <system-err><![CDATA[]]></system-err>
</testsuite>
